<?xml version="1.0" encoding="UTF-8"?>
<testng-results ignored="0" total="1" passed="1" failed="0" skipped="0">
  <reporter-output>
  </reporter-output>
  <suite started-at="2021-04-07T15:22:26 EDT" name="Default suite" finished-at="2021-04-07T15:22:31 EDT" duration-ms="5205">
    <groups>
    </groups>
    <test started-at="2021-04-07T15:22:26 EDT" name="Default test" finished-at="2021-04-07T15:22:31 EDT" duration-ms="5205">
      <class name="Spec_Resp_Builder.Spec_Builder_Class">
        <test-method signature="Serialize_Method()[pri:0, instance:Spec_Resp_Builder.Spec_Builder_Class@6a01e23]" started-at="2021-04-07T15:22:26 EDT" name="Serialize_Method" finished-at="2021-04-07T15:22:31 EDT" duration-ms="5189" status="PASS">
          <reporter-output>
          </reporter-output>
        </test-method> <!-- Serialize_Method -->
      </class> <!-- Spec_Resp_Builder.Spec_Builder_Class -->
    </test> <!-- Default test -->
  </suite> <!-- Default suite -->
</testng-results>
