<?xml version="1.0" encoding="UTF-8"?>
<testng-results ignored="0" total="1" passed="1" failed="0" skipped="0">
  <reporter-output>
  </reporter-output>
  <suite started-at="2021-01-24T14:00:26 EST" name="Default suite" finished-at="2021-01-24T14:00:27 EST" duration-ms="1325">
    <groups>
    </groups>
    <test started-at="2021-01-24T14:00:26 EST" name="Default test" finished-at="2021-01-24T14:00:27 EST" duration-ms="1325">
      <class name="Jira_API_Automation.Add_Attachment">
        <test-method signature="attachment()[pri:0, instance:Jira_API_Automation.Add_Attachment@69b2283a]" started-at="2021-01-24T14:00:26 EST" name="attachment" finished-at="2021-01-24T14:00:27 EST" duration-ms="1306" status="PASS">
          <reporter-output>
          </reporter-output>
        </test-method> <!-- attachment -->
      </class> <!-- Jira_API_Automation.Add_Attachment -->
    </test> <!-- Default test -->
  </suite> <!-- Default suite -->
</testng-results>
